This is pdfTeX, Version 3.14159265-2.6-1.40.19 (MiKTeX 2.9.6730) (preloaded format=pdflatex 2018.8.3)  7 DEC 2023 10:40
entering extended mode
**./manuscript_2023.tex
(manuscript_2023.tex
LaTeX2e <2018-04-01> patch level 5

("/Users/loreen.hertaeg/Library/Application Support/MiKTeX/texmfs/install/tex/l
atex/base/article.cls"
Document Class: article 2014/09/29 v1.4h Standard LaTeX document class

("/Users/loreen.hertaeg/Library/Application Support/MiKTeX/texmfs/install/tex/l
atex/base/size10.clo"
File: size10.clo 2014/09/29 v1.4h Standard LaTeX file (size option)
)
\c@part=\count80
\c@section=\count81
\c@subsection=\count82
\c@subsubsection=\count83
\c@paragraph=\count84
\c@subparagraph=\count85
\c@figure=\count86
\c@table=\count87
\abovecaptionskip=\skip41
\belowcaptionskip=\skip42
\bibindent=\dimen102
)
("/Users/loreen.hertaeg/Library/Application Support/MiKTeX/texmfs/install/tex/l
atex/geometry/geometry.sty"
Package: geometry 2018/04/16 v5.8 Page Geometry

("/Users/loreen.hertaeg/Library/Application Support/MiKTeX/texmfs/install/tex/l
atex/graphics/keyval.sty"
Package: keyval 2014/10/28 v1.15 key=value parser (DPC)
\KV@toks@=\toks14
)
("/Users/loreen.hertaeg/Library/Application Support/MiKTeX/texmfs/install/tex/g
eneric/oberdiek/ifpdf.sty"
Package: ifpdf 2017/03/15 v3.2 Provides the ifpdf switch
)
("/Users/loreen.hertaeg/Library/Application Support/MiKTeX/texmfs/install/tex/g
eneric/oberdiek/ifvtex.sty"
Package: ifvtex 2016/05/16 v1.6 Detect VTeX and its facilities (HO)
Package ifvtex Info: VTeX not detected.
)
("/Users/loreen.hertaeg/Library/Application Support/MiKTeX/texmfs/install/tex/g
eneric/ifxetex/ifxetex.sty"
Package: ifxetex 2010/09/12 v0.6 Provides ifxetex conditional
)
\Gm@cnth=\count88
\Gm@cntv=\count89
\c@Gm@tempcnt=\count90
\Gm@bindingoffset=\dimen103
\Gm@wd@mp=\dimen104
\Gm@odd@mp=\dimen105
\Gm@even@mp=\dimen106
\Gm@layoutwidth=\dimen107
\Gm@layoutheight=\dimen108
\Gm@layouthoffset=\dimen109
\Gm@layoutvoffset=\dimen110
\Gm@dimlist=\toks15

("/Users/loreen.hertaeg/Library/Application Support/MiKTeX/texmfs/install/tex/l
atex/geometry/geometry.cfg"))
("/Users/loreen.hertaeg/Library/Application Support/MiKTeX/texmfs/install/tex/l
atex/base/inputenc.sty"
Package: inputenc 2018/04/06 v1.3b Input encoding file
\inpenc@prehook=\toks16
\inpenc@posthook=\toks17
)
("/Users/loreen.hertaeg/Library/Application Support/MiKTeX/texmfs/install/tex/l
atex/fancyhdr/fancyhdr.sty"
Package: fancyhdr 2017/06/30 v3.9a Extensive control of page headers and footer
s
\f@nch@headwidth=\skip43
\f@nch@O@elh=\skip44
\f@nch@O@erh=\skip45
\f@nch@O@olh=\skip46
\f@nch@O@orh=\skip47
\f@nch@O@elf=\skip48
\f@nch@O@erf=\skip49
\f@nch@O@olf=\skip50
\f@nch@O@orf=\skip51
)
("/Users/loreen.hertaeg/Library/Application Support/MiKTeX/texmfs/install/tex/l
atex/natbib/natbib.sty"
Package: natbib 2010/09/13 8.31b (PWD, AO)
\bibhang=\skip52
\bibsep=\skip53
LaTeX Info: Redefining \cite on input line 694.
\c@NAT@ctr=\count91
)
("/Users/loreen.hertaeg/Library/Application Support/MiKTeX/texmfs/install/tex/l
atex/amsmath/amsmath.sty"
Package: amsmath 2017/09/02 v2.17a AMS math features
\@mathmargin=\skip54

For additional information on amsmath, use the `?' option.

("/Users/loreen.hertaeg/Library/Application Support/MiKTeX/texmfs/install/tex/l
atex/amsmath/amstext.sty"
Package: amstext 2000/06/29 v2.01 AMS text

("/Users/loreen.hertaeg/Library/Application Support/MiKTeX/texmfs/install/tex/l
atex/amsmath/amsgen.sty"
File: amsgen.sty 1999/11/30 v2.0 generic functions
\@emptytoks=\toks18
\ex@=\dimen111
))
("/Users/loreen.hertaeg/Library/Application Support/MiKTeX/texmfs/install/tex/l
atex/amsmath/amsbsy.sty"
Package: amsbsy 1999/11/29 v1.2d Bold Symbols
\pmbraise@=\dimen112
)
("/Users/loreen.hertaeg/Library/Application Support/MiKTeX/texmfs/install/tex/l
atex/amsmath/amsopn.sty"
Package: amsopn 2016/03/08 v2.02 operator names
)
\inf@bad=\count92
LaTeX Info: Redefining \frac on input line 213.
\uproot@=\count93
\leftroot@=\count94
LaTeX Info: Redefining \overline on input line 375.
\classnum@=\count95
\DOTSCASE@=\count96
LaTeX Info: Redefining \ldots on input line 472.
LaTeX Info: Redefining \dots on input line 475.
LaTeX Info: Redefining \cdots on input line 596.
\Mathstrutbox@=\box26
\strutbox@=\box27
\big@size=\dimen113
LaTeX Font Info:    Redeclaring font encoding OML on input line 712.
LaTeX Font Info:    Redeclaring font encoding OMS on input line 713.
\macc@depth=\count97
\c@MaxMatrixCols=\count98
\dotsspace@=\muskip10
\c@parentequation=\count99
\dspbrk@lvl=\count100
\tag@help=\toks19
\row@=\count101
\column@=\count102
\maxfields@=\count103
\andhelp@=\toks20
\eqnshift@=\dimen114
\alignsep@=\dimen115
\tagshift@=\dimen116
\tagwidth@=\dimen117
\totwidth@=\dimen118
\lineht@=\dimen119
\@envbody=\toks21
\multlinegap=\skip55
\multlinetaggap=\skip56
\mathdisplay@stack=\toks22
LaTeX Info: Redefining \[ on input line 2817.
LaTeX Info: Redefining \] on input line 2818.
)
("/Users/loreen.hertaeg/Library/Application Support/MiKTeX/texmfs/install/tex/l
atex/amsfonts/amsfonts.sty"
Package: amsfonts 2013/01/14 v3.01 Basic AMSFonts support
\symAMSa=\mathgroup4
\symAMSb=\mathgroup5
LaTeX Font Info:    Overwriting math alphabet `\mathfrak' in version `bold'
(Font)                  U/euf/m/n --> U/euf/b/n on input line 106.
)
("/Users/loreen.hertaeg/Library/Application Support/MiKTeX/texmfs/install/tex/l
atex/amsfonts/amssymb.sty"
Package: amssymb 2013/01/14 v3.01 AMS font symbols
)
("/Users/loreen.hertaeg/Library/Application Support/MiKTeX/texmfs/install/tex/l
atex/bbold/bbold.sty"
Package: bbold 1994/04/06 Bbold symbol package
LaTeX Font Info:    Redeclaring math alphabet \mathbb on input line 42.
)
("/Users/loreen.hertaeg/Library/Application Support/MiKTeX/texmfs/install/tex/l
atex/lineno/lineno.sty"
Package: lineno 2005/11/02 line numbers on paragraphs v4.41
\linenopenalty=\count104
\output=\toks23
\linenoprevgraf=\count105
\linenumbersep=\dimen120
\linenumberwidth=\dimen121
\c@linenumber=\count106
\c@pagewiselinenumber=\count107
\c@LN@truepage=\count108
\c@internallinenumber=\count109
\c@internallinenumbers=\count110
\quotelinenumbersep=\dimen122
\bframerule=\dimen123
\bframesep=\dimen124
\bframebox=\box28
LaTeX Info: Redefining \\ on input line 3056.
)
("/Users/loreen.hertaeg/Library/Application Support/MiKTeX/texmfs/install/tex/l
atex/microtype/microtype.sty"
Package: microtype 2018/01/14 v2.7a Micro-typographical refinements (RS)
\MT@toks=\toks24
\MT@count=\count111
LaTeX Info: Redefining \textls on input line 793.
\MT@outer@kern=\dimen125
LaTeX Info: Redefining \textmicrotypecontext on input line 1339.
\MT@listname@count=\count112

("/Users/loreen.hertaeg/Library/Application Support/MiKTeX/texmfs/install/tex/l
atex/microtype/microtype-pdftex.def"
File: microtype-pdftex.def 2018/01/14 v2.7a Definitions specific to pdftex (RS)

LaTeX Info: Redefining \lsstyle on input line 913.
LaTeX Info: Redefining \lslig on input line 913.
\MT@outer@space=\skip57
)
Package microtype Info: Loading configuration file microtype.cfg.

("/Users/loreen.hertaeg/Library/Application Support/MiKTeX/texmfs/install/tex/l
atex/microtype/microtype.cfg"
File: microtype.cfg 2018/01/14 v2.7a microtype main configuration file (RS)
))
("/Users/loreen.hertaeg/Library/Application Support/MiKTeX/texmfs/install/tex/l
atex/enumitem/enumitem.sty"
Package: enumitem 2011/09/28 v3.5.2 Customized lists
\labelindent=\skip58
\enit@outerparindent=\dimen126
\enit@toks=\toks25
\enit@inbox=\box29
\enitdp@description=\count113
)
("/Users/loreen.hertaeg/Library/Application Support/MiKTeX/texmfs/install/tex/l
atex/caption/caption.sty"
Package: caption 2018/05/01 v3.3-147 Customizing captions (AR)

("/Users/loreen.hertaeg/Library/Application Support/MiKTeX/texmfs/install/tex/l
atex/caption/caption3.sty"
Package: caption3 2018/05/27 v1.8a caption3 kernel (AR)
Package caption3 Info: TeX engine: e-TeX on input line 64.
\captionmargin=\dimen127
\captionmargin@=\dimen128
\captionwidth=\dimen129
\caption@tempdima=\dimen130
\caption@indent=\dimen131
\caption@parindent=\dimen132
\caption@hangindent=\dimen133
)
\c@ContinuedFloat=\count114
)
("/Users/loreen.hertaeg/Library/Application Support/MiKTeX/texmfs/install/tex/l
atex/graphics/color.sty"
Package: color 2016/07/10 v1.1e Standard LaTeX Color (DPC)

("/Users/loreen.hertaeg/Library/Application Support/MiKTeX/texmfs/install/tex/l
atex/graphics-cfg/color.cfg"
File: color.cfg 2016/01/02 v1.6 sample color configuration
)
Package color Info: Driver file: pdftex.def on input line 147.

("/Users/loreen.hertaeg/Library/Application Support/MiKTeX/texmfs/install/tex/l
atex/graphics-def/pdftex.def"
File: pdftex.def 2018/01/08 v1.0l Graphics/color driver for pdftex
))
("/Users/loreen.hertaeg/Library/Application Support/MiKTeX/texmfs/install/tex/l
atex/graphics/graphicx.sty"
Package: graphicx 2017/06/01 v1.1a Enhanced LaTeX Graphics (DPC,SPQR)

("/Users/loreen.hertaeg/Library/Application Support/MiKTeX/texmfs/install/tex/l
atex/graphics/graphics.sty"
Package: graphics 2017/06/25 v1.2c Standard LaTeX Graphics (DPC,SPQR)

("/Users/loreen.hertaeg/Library/Application Support/MiKTeX/texmfs/install/tex/l
atex/graphics/trig.sty"
Package: trig 2016/01/03 v1.10 sin cos tan (DPC)
)
("/Users/loreen.hertaeg/Library/Application Support/MiKTeX/texmfs/install/tex/l
atex/graphics-cfg/graphics.cfg"
File: graphics.cfg 2016/06/04 v1.11 sample graphics configuration
)
Package graphics Info: Driver file: pdftex.def on input line 99.
)
\Gin@req@height=\dimen134
\Gin@req@width=\dimen135
)
("/Users/loreen.hertaeg/Library/Application Support/MiKTeX/texmfs/install/tex/l
atex/sidecap/sidecap.sty"
Package: sidecap 2003/06/06 v1.6f SideCap Package (RN/HjG)

("/Users/loreen.hertaeg/Library/Application Support/MiKTeX/texmfs/install/tex/l
atex/base/ifthen.sty"
Package: ifthen 2014/09/29 v1.1c Standard LaTeX ifthen package (DPC)
)
\SC@BOXWD=\dimen136
\SC@CAPWD=\dimen137
\SC@tempdima=\dimen138
\SC@tempdimb=\dimen139
\c@SC@C=\count115
\SC@BOX=\box30
)
("/Users/loreen.hertaeg/Library/Application Support/MiKTeX/texmfs/install/tex/l
atex/hyperref/hyperref.sty"
Package: hyperref 2018/02/06 v6.86b Hypertext links for LaTeX

("/Users/loreen.hertaeg/Library/Application Support/MiKTeX/texmfs/install/tex/g
eneric/oberdiek/hobsub-hyperref.sty"
Package: hobsub-hyperref 2016/05/16 v1.14 Bundle oberdiek, subset hyperref (HO)


("/Users/loreen.hertaeg/Library/Application Support/MiKTeX/texmfs/install/tex/g
eneric/oberdiek/hobsub-generic.sty"
Package: hobsub-generic 2016/05/16 v1.14 Bundle oberdiek, subset generic (HO)
Package: hobsub 2016/05/16 v1.14 Construct package bundles (HO)
Package: infwarerr 2016/05/16 v1.4 Providing info/warning/error messages (HO)
Package: ltxcmds 2016/05/16 v1.23 LaTeX kernel commands for general use (HO)
Package: ifluatex 2016/05/16 v1.4 Provides the ifluatex switch (HO)
Package ifluatex Info: LuaTeX not detected.
Package hobsub Info: Skipping package `ifvtex' (already loaded).
Package: intcalc 2016/05/16 v1.2 Expandable calculations with integers (HO)
Package hobsub Info: Skipping package `ifpdf' (already loaded).
Package: etexcmds 2016/05/16 v1.6 Avoid name clashes with e-TeX commands (HO)
Package etexcmds Info: Could not find \expanded.
(etexcmds)             That can mean that you are not using pdfTeX 1.50 or
(etexcmds)             that some package has redefined \expanded.
(etexcmds)             In the latter case, load this package earlier.
Package: kvsetkeys 2016/05/16 v1.17 Key value parser (HO)
Package: kvdefinekeys 2016/05/16 v1.4 Define keys (HO)
Package: pdftexcmds 2018/01/30 v0.27 Utility functions of pdfTeX for LuaTeX (HO
)
Package pdftexcmds Info: LuaTeX not detected.
Package pdftexcmds Info: \pdf@primitive is available.
Package pdftexcmds Info: \pdf@ifprimitive is available.
Package pdftexcmds Info: \pdfdraftmode found.
Package: pdfescape 2016/05/16 v1.14 Implements pdfTeX's escape features (HO)
Package: bigintcalc 2016/05/16 v1.4 Expandable calculations on big integers (HO
)
Package: bitset 2016/05/16 v1.2 Handle bit-vector datatype (HO)
Package: uniquecounter 2016/05/16 v1.3 Provide unlimited unique counter (HO)
)
Package hobsub Info: Skipping package `hobsub' (already loaded).
Package: letltxmacro 2016/05/16 v1.5 Let assignment for LaTeX macros (HO)
Package: hopatch 2016/05/16 v1.3 Wrapper for package hooks (HO)
Package: xcolor-patch 2016/05/16 xcolor patch
Package: atveryend 2016/05/16 v1.9 Hooks at the very end of document (HO)
Package atveryend Info: \enddocument detected (standard20110627).
Package: atbegshi 2016/06/09 v1.18 At begin shipout hook (HO)
Package: refcount 2016/05/16 v3.5 Data extraction from label references (HO)
Package: hycolor 2016/05/16 v1.8 Color options for hyperref/bookmark (HO)
)
("/Users/loreen.hertaeg/Library/Application Support/MiKTeX/texmfs/install/tex/l
atex/oberdiek/auxhook.sty"
Package: auxhook 2016/05/16 v1.4 Hooks for auxiliary files (HO)
)
("/Users/loreen.hertaeg/Library/Application Support/MiKTeX/texmfs/install/tex/l
atex/oberdiek/kvoptions.sty"
Package: kvoptions 2016/05/16 v3.12 Key value format for package options (HO)
)
\@linkdim=\dimen140
\Hy@linkcounter=\count116
\Hy@pagecounter=\count117

("/Users/loreen.hertaeg/Library/Application Support/MiKTeX/texmfs/install/tex/l
atex/hyperref/pd1enc.def"
File: pd1enc.def 2018/02/06 v6.86b Hyperref: PDFDocEncoding definition (HO)
Now handling font encoding PD1 ...
... no UTF-8 mapping file for font encoding PD1
)
\Hy@SavedSpaceFactor=\count118

("/Users/loreen.hertaeg/Library/Application Support/MiKTeX/texmfs/install/tex/l
atex/00miktex/hyperref.cfg"
File: hyperref.cfg 2002/06/06 v1.2 hyperref configuration of TeXLive
)
Package hyperref Info: Hyper figures OFF on input line 4509.
Package hyperref Info: Link nesting OFF on input line 4514.
Package hyperref Info: Hyper index ON on input line 4517.
Package hyperref Info: Plain pages OFF on input line 4524.
Package hyperref Info: Backreferencing OFF on input line 4529.
Package hyperref Info: Implicit mode ON; LaTeX internals redefined.
Package hyperref Info: Bookmarks ON on input line 4762.
\c@Hy@tempcnt=\count119

("/Users/loreen.hertaeg/Library/Application Support/MiKTeX/texmfs/install/tex/l
atex/url/url.sty"
\Urlmuskip=\muskip11
Package: url 2013/09/16  ver 3.4  Verb mode for urls, etc.
)
LaTeX Info: Redefining \url on input line 5115.
\XeTeXLinkMargin=\dimen141
\Fld@menulength=\count120
\Field@Width=\dimen142
\Fld@charsize=\dimen143
Package hyperref Info: Hyper figures OFF on input line 6369.
Package hyperref Info: Link nesting OFF on input line 6374.
Package hyperref Info: Hyper index ON on input line 6377.
Package hyperref Info: backreferencing OFF on input line 6384.
Package hyperref Info: Link coloring OFF on input line 6389.
Package hyperref Info: Link coloring with OCG OFF on input line 6394.
Package hyperref Info: PDF/A mode OFF on input line 6399.
LaTeX Info: Redefining \ref on input line 6439.
LaTeX Info: Redefining \pageref on input line 6443.
\Hy@abspage=\count121
\c@Item=\count122
\c@Hfootnote=\count123
)
Package hyperref Info: Driver (autodetected): hpdftex.

("/Users/loreen.hertaeg/Library/Application Support/MiKTeX/texmfs/install/tex/l
atex/hyperref/hpdftex.def"
File: hpdftex.def 2018/02/06 v6.86b Hyperref driver for pdfTeX
\Fld@listcount=\count124
\c@bookmark@seq@number=\count125

("/Users/loreen.hertaeg/Library/Application Support/MiKTeX/texmfs/install/tex/l
atex/oberdiek/rerunfilecheck.sty"
Package: rerunfilecheck 2016/05/16 v1.8 Rerun checks for auxiliary files (HO)
Package uniquecounter Info: New unique counter `rerunfilecheck' on input line 2
82.
)
\Hy@SectionHShift=\skip59
) (manuscript_2023.aux)
\openout1 = `manuscript_2023.aux'.

LaTeX Font Info:    Checking defaults for OML/cmm/m/it on input line 76.
LaTeX Font Info:    ... okay on input line 76.
LaTeX Font Info:    Checking defaults for T1/cmr/m/n on input line 76.
LaTeX Font Info:    ... okay on input line 76.
LaTeX Font Info:    Checking defaults for OT1/cmr/m/n on input line 76.
LaTeX Font Info:    ... okay on input line 76.
LaTeX Font Info:    Checking defaults for OMS/cmsy/m/n on input line 76.
LaTeX Font Info:    ... okay on input line 76.
LaTeX Font Info:    Checking defaults for OMX/cmex/m/n on input line 76.
LaTeX Font Info:    ... okay on input line 76.
LaTeX Font Info:    Checking defaults for U/cmr/m/n on input line 76.
LaTeX Font Info:    ... okay on input line 76.
LaTeX Font Info:    Checking defaults for PD1/pdf/m/n on input line 76.
LaTeX Font Info:    ... okay on input line 76.

*geometry* driver: auto-detecting
*geometry* detected driver: pdftex
*geometry* verbose mode - [ preamble ] result:
* driver: pdftex
* paper: a4paper
* layout: <same size as paper>
* layoutoffset:(h,v)=(0.0pt,0.0pt)
* modes: 
* h-part:(L,W,R)=(72.26999pt, 452.9679pt, 72.26999pt)
* v-part:(T,H,B)=(72.26999pt, 700.50687pt, 72.26999pt)
* \paperwidth=597.50787pt
* \paperheight=845.04684pt
* \textwidth=452.9679pt
* \textheight=700.50687pt
* \oddsidemargin=0.0pt
* \evensidemargin=0.0pt
* \topmargin=-37.0pt
* \headheight=12.0pt
* \headsep=25.0pt
* \topskip=10.0pt
* \footskip=0.0pt
* \marginparwidth=0.0pt
* \marginparsep=11.0pt
* \columnsep=10.0pt
* \skip\footins=9.0pt plus 4.0pt minus 2.0pt
* \hoffset=0.0pt
* \voffset=0.0pt
* \mag=1000
* \@twocolumnfalse
* \@twosidefalse
* \@mparswitchfalse
* \@reversemarginfalse
* (1in=72.27pt=25.4mm, 1cm=28.453pt)

LaTeX Info: Redefining \microtypecontext on input line 76.
Package microtype Info: Generating PDF output.
Package microtype Info: Character protrusion enabled (level 2).
Package microtype Info: Using default protrusion set `alltext'.
Package microtype Info: Automatic font expansion enabled (level 2),
(microtype)             stretch: 20, shrink: 20, step: 1, non-selected.
Package microtype Info: Using default expansion set `basictext'.
Package microtype Info: No adjustment of tracking.
Package microtype Info: No adjustment of interword spacing.
Package microtype Info: No adjustment of character kerning.

("/Users/loreen.hertaeg/Library/Application Support/MiKTeX/texmfs/install/tex/l
atex/microtype/mt-cmr.cfg"
File: mt-cmr.cfg 2013/05/19 v2.2 microtype config. file: Computer Modern Roman 
(RS)
)
Package caption Info: Begin \AtBeginDocument code.
Package caption Info: hyperref package is loaded.
Package caption Info: sidecap package is loaded.
Package caption Info: End \AtBeginDocument code.

("/Users/loreen.hertaeg/Library/Application Support/MiKTeX/texmfs/install/tex/c
ontext/base/supp-pdf.mkii"
[Loading MPS to PDF converter (version 2006.09.02).]
\scratchcounter=\count126
\scratchdimen=\dimen144
\scratchbox=\box31
\nofMPsegments=\count127
\nofMParguments=\count128
\everyMPshowfont=\toks26
\MPscratchCnt=\count129
\MPscratchDim=\dimen145
\MPnumerator=\count130
\makeMPintoPDFobject=\count131
\everyMPtoPDFconversion=\toks27
)
("/Users/loreen.hertaeg/Library/Application Support/MiKTeX/texmfs/install/tex/l
atex/oberdiek/epstopdf-base.sty"
Package: epstopdf-base 2016/05/15 v2.6 Base part for package epstopdf

("/Users/loreen.hertaeg/Library/Application Support/MiKTeX/texmfs/install/tex/l
atex/oberdiek/grfext.sty"
Package: grfext 2016/05/16 v1.2 Manage graphics extensions (HO)
)
Package epstopdf-base Info: Redefining graphics rule for `.eps' on input line 4
38.
Package grfext Info: Graphics extension search list:
(grfext)             [.pdf,.png,.jpg,.mps,.jpeg,.jbig2,.jb2,.PDF,.PNG,.JPG,.JPE
G,.JBIG2,.JB2,.eps]
(grfext)             \AppendGraphicsExtensions on input line 456.
)
("/Users/loreen.hertaeg/Library/Application Support/MiKTeX/texmfs/install/tex/l
atex/ms/ragged2e.sty"
Package: ragged2e 2009/05/21 v2.1 ragged2e Package (MS)

("/Users/loreen.hertaeg/Library/Application Support/MiKTeX/texmfs/install/tex/l
atex/ms/everysel.sty"
Package: everysel 2011/10/28 v1.2 EverySelectfont Package (MS)
 ABD: EverySelectfont initializing macros
LaTeX Info: Redefining \selectfont on input line 126.
)
\CenteringLeftskip=\skip60
\RaggedLeftLeftskip=\skip61
\RaggedRightLeftskip=\skip62
\CenteringRightskip=\skip63
\RaggedLeftRightskip=\skip64
\RaggedRightRightskip=\skip65
\CenteringParfillskip=\skip66
\RaggedLeftParfillskip=\skip67
\RaggedRightParfillskip=\skip68
\JustifyingParfillskip=\skip69
\CenteringParindent=\skip70
\RaggedLeftParindent=\skip71
\RaggedRightParindent=\skip72
\JustifyingParindent=\skip73
)
\AtBeginShipoutBox=\box32
Package hyperref Info: Link coloring OFF on input line 76.

("/Users/loreen.hertaeg/Library/Application Support/MiKTeX/texmfs/install/tex/l
atex/hyperref/nameref.sty"
Package: nameref 2016/05/21 v2.44 Cross-referencing by name of section

("/Users/loreen.hertaeg/Library/Application Support/MiKTeX/texmfs/install/tex/g
eneric/oberdiek/gettitlestring.sty"
Package: gettitlestring 2016/05/16 v1.5 Cleanup title references (HO)
)
\c@section@level=\count132
)
LaTeX Info: Redefining \ref on input line 76.
LaTeX Info: Redefining \pageref on input line 76.
LaTeX Info: Redefining \nameref on input line 76.
 (manuscript_2023.out)
(manuscript_2023.out)
\@outlinefile=\write3
\openout3 = `manuscript_2023.out'.

LaTeX Font Info:    Try loading font information for U+msa on input line 88.

("/Users/loreen.hertaeg/Library/Application Support/MiKTeX/texmfs/install/tex/l
atex/amsfonts/umsa.fd"
File: umsa.fd 2013/01/14 v3.01 AMS symbols A
)
("/Users/loreen.hertaeg/Library/Application Support/MiKTeX/texmfs/install/tex/l
atex/microtype/mt-msa.cfg"
File: mt-msa.cfg 2006/02/04 v1.1 microtype config. file: AMS symbols (a) (RS)
)
LaTeX Font Info:    Try loading font information for U+msb on input line 88.

("/Users/loreen.hertaeg/Library/Application Support/MiKTeX/texmfs/install/tex/l
atex/amsfonts/umsb.fd"
File: umsb.fd 2013/01/14 v3.01 AMS symbols B
)
("/Users/loreen.hertaeg/Library/Application Support/MiKTeX/texmfs/install/tex/l
atex/microtype/mt-msb.cfg"
File: mt-msb.cfg 2005/06/01 v1.0 microtype config. file: AMS symbols (b) (RS)
) [1

{/Users/loreen.hertaeg/Library/Application Support/MiKTeX/texmfs/data/pdftex/co
nfig/pdftex.map}]
<../results/figures/final/Fig_1.pdf, id=170, 341.80952pt x 325.84296pt>
File: ../results/figures/final/Fig_1.pdf Graphic file (type pdf)
<use ../results/figures/final/Fig_1.pdf>
Package pdftex.def Info: ../results/figures/final/Fig_1.pdf  used on input line
 124.
(pdftex.def)             Requested size: 341.80869pt x 325.84215pt.
<../results/figures/final/Fig_2.pdf, id=172, 496.03987pt x 372.76956pt>
File: ../results/figures/final/Fig_2.pdf Graphic file (type pdf)
<use ../results/figures/final/Fig_2.pdf>
Package pdftex.def Info: ../results/figures/final/Fig_2.pdf  used on input line
 146.
(pdftex.def)             Requested size: 452.9679pt x 340.40393pt.
 [2] [3 <../results/figures/final/Fig_1.pdf>]
<../results/figures/final/Fig_3.pdf, id=329, 491.8545pt x 430.25513pt>
File: ../results/figures/final/Fig_3.pdf Graphic file (type pdf)
<use ../results/figures/final/Fig_3.pdf>
Package pdftex.def Info: ../results/figures/final/Fig_3.pdf  used on input line
 178.
(pdftex.def)             Requested size: 452.9679pt x 396.23999pt.
 [4 <../results/figures/final/Fig_2.pdf>] [5 <../results/figures/final/Fig_3.pd
f>]
<../results/figures/final/Fig_4.pdf, id=409, 402.09047pt x 408.34518pt>
File: ../results/figures/final/Fig_4.pdf Graphic file (type pdf)
<use ../results/figures/final/Fig_4.pdf>
Package pdftex.def Info: ../results/figures/final/Fig_4.pdf  used on input line
 209.
(pdftex.def)             Requested size: 402.08948pt x 408.34418pt.
 [6] [7 <../results/figures/final/Fig_4.pdf>]
<../results/figures/final/Fig_5.pdf, id=470, 431.48387pt x 294.58084pt>
File: ../results/figures/final/Fig_5.pdf Graphic file (type pdf)
<use ../results/figures/final/Fig_5.pdf>
Package pdftex.def Info: ../results/figures/final/Fig_5.pdf  used on input line
 242.
(pdftex.def)             Requested size: 431.48282pt x 294.58011pt.
 [8] [9 <../results/figures/final/Fig_5.pdf>] [10] [11] [12] [13]
Package microtype Info: Loading generic protrusion settings for font family
(microtype)             `cmtt' (encoding: OT1).
(microtype)             For optimal results, create family-specific settings.
(microtype)             See the microtype manual for details.
 (manuscript_2023.bbl [14]
[15] [16] [17]) [18] (manuscript_2023.toc)
\tf@toc=\write4
\openout4 = `manuscript_2023.toc'.

 [19

]
Overfull \hbox (1.87651pt too wide) in paragraph at lines 459--462
\OT1/cmr/m/n/10 (-20) connection between the presynaptic neuron $\OML/cmm/m/it/
10 Y$ \OT1/cmr/m/n/10 (-20) and the postsynaptic neuron $\OML/cmm/m/it/10 X$ \O
T1/cmr/m/n/10 (-20) ($\OML/cmm/m/it/10 X \OMS/cmsy/m/n/10 2 f[]\OML/cmm/m/it/10
 ; []; []; []\OMS/cmsy/m/n/10 g$\OT1/cmr/m/n/10 (-20) ,
 []

[20]
<../results/figures/final/Figure_gains.png, id=868, 255.354pt x 79.2561pt>
File: ../results/figures/final/Figure_gains.png Graphic file (type png)
<use ../results/figures/final/Figure_gains.png>
Package pdftex.def Info: ../results/figures/final/Figure_gains.png  used on inp
ut line 536.
(pdftex.def)             Requested size: 255.35338pt x 79.2559pt.
 [21 <../results/figures/final/Figure_gains.png>] [22]
Underfull \hbox (badness 10000) in paragraph at lines 607--636

 []

[23] [24] [25]
LaTeX Font Info:    Try loading font information for OMS+cmr on input line 811.


("/Users/loreen.hertaeg/Library/Application Support/MiKTeX/texmfs/install/tex/l
atex/base/omscmr.fd"
File: omscmr.fd 2014/09/29 v2.5h Standard LaTeX font definitions
)
LaTeX Font Info:    Font shape `OMS/cmr/m/n' in size <10> not available
(Font)              Font shape `OMS/cmsy/m/n' tried instead on input line 811.
 [26]
<../results/figures/final/Fig_2_S1.pdf, id=959, 277.87172pt x 171.31543pt>
File: ../results/figures/final/Fig_2_S1.pdf Graphic file (type pdf)
<use ../results/figures/final/Fig_2_S1.pdf>
Package pdftex.def Info: ../results/figures/final/Fig_2_S1.pdf  used on input l
ine 918.
(pdftex.def)             Requested size: 277.87103pt x 171.315pt.


LaTeX Warning: `!h' float specifier changed to `!ht'.

<../results/figures/final/Fig_2_S2.pdf, id=961, 404.86034pt x 231.71579pt>
File: ../results/figures/final/Fig_2_S2.pdf Graphic file (type pdf)
<use ../results/figures/final/Fig_2_S2.pdf>
Package pdftex.def Info: ../results/figures/final/Fig_2_S2.pdf  used on input l
ine 929.
(pdftex.def)             Requested size: 404.85934pt x 231.71521pt.

LaTeX Warning: `!h' float specifier changed to `!ht'.

<../results/figures/final/Fig_2_S3.pdf, id=962, 508.726pt x 200.59653pt>
File: ../results/figures/final/Fig_2_S3.pdf Graphic file (type pdf)
<use ../results/figures/final/Fig_2_S3.pdf>
Package pdftex.def Info: ../results/figures/final/Fig_2_S3.pdf  used on input l
ine 940.
(pdftex.def)             Requested size: 452.9679pt x 178.60991pt.

LaTeX Warning: `!h' float specifier changed to `!ht'.

<../results/figures/final/Fig_3_S1.png, id=963, 432.53595pt x 119.84775pt>
File: ../results/figures/final/Fig_3_S1.png Graphic file (type png)
<use ../results/figures/final/Fig_3_S1.png>
Package pdftex.def Info: ../results/figures/final/Fig_3_S1.png  used on input l
ine 952.
(pdftex.def)             Requested size: 432.53488pt x 119.84744pt.

LaTeX Warning: `!h' float specifier changed to `!ht'.

<../results/figures/final/Fig_3_S2.png, id=964, 245.59755pt x 149.23755pt>
File: ../results/figures/final/Fig_3_S2.png Graphic file (type png)
<use ../results/figures/final/Fig_3_S2.png>
Package pdftex.def Info: ../results/figures/final/Fig_3_S2.png  used on input l
ine 963.
(pdftex.def)             Requested size: 245.59694pt x 149.23717pt.

LaTeX Warning: `!h' float specifier changed to `!ht'.

<../results/figures/final/Fig_4_S1.pdf, id=965, 372.57535pt x 398.06398pt>
File: ../results/figures/final/Fig_4_S1.pdf Graphic file (type pdf)
<use ../results/figures/final/Fig_4_S1.pdf>
Package pdftex.def Info: ../results/figures/final/Fig_4_S1.pdf  used on input l
ine 974.
(pdftex.def)             Requested size: 372.57443pt x 398.063pt.

LaTeX Warning: `!h' float specifier changed to `!ht'.

<../results/figures/final/Fig_4_S2.png, id=969, 354.00255pt x 370.2633pt>
File: ../results/figures/final/Fig_4_S2.png Graphic file (type png)
<use ../results/figures/final/Fig_4_S2.png>
Package pdftex.def Info: ../results/figures/final/Fig_4_S2.png  used on input l
ine 984.
(pdftex.def)             Requested size: 354.00168pt x 370.26239pt.

LaTeX Warning: `!h' float specifier changed to `!ht'.

<../results/figures/final/Fig_4_S3.png, id=971, 267.1581pt x 230.17995pt>
File: ../results/figures/final/Fig_4_S3.png Graphic file (type png)
<use ../results/figures/final/Fig_4_S3.png>
Package pdftex.def Info: ../results/figures/final/Fig_4_S3.png  used on input l
ine 995.
(pdftex.def)             Requested size: 267.15744pt x 230.17937pt.

LaTeX Warning: `!h' float specifier changed to `!ht'.

<../results/figures/final/Fig_4_S4.png, id=978, 163.45065pt x 119.36595pt>
File: ../results/figures/final/Fig_4_S4.png Graphic file (type png)
<use ../results/figures/final/Fig_4_S4.png>
Package pdftex.def Info: ../results/figures/final/Fig_4_S4.png  used on input l
ine 1004.
(pdftex.def)             Requested size: 163.45024pt x 119.36565pt.

LaTeX Warning: `!h' float specifier changed to `!ht'.

<../results/figures/final/Fig_5_S1.png, id=979, 169.71405pt x 90.21706pt>
File: ../results/figures/final/Fig_5_S1.png Graphic file (type png)
<use ../results/figures/final/Fig_5_S1.png>
Package pdftex.def Info: ../results/figures/final/Fig_5_S1.png  used on input l
ine 1014.
(pdftex.def)             Requested size: 169.71364pt x 90.21681pt.

LaTeX Warning: `!h' float specifier changed to `!ht'.

Package atveryend Info: Empty hook `BeforeClearDocument' on input line 1022.
[27] [28 <../results/figures/final/Fig_2_S1.pdf> <../results/figures/final/Fig_
2_S2.pdf>] [29 <../results/figures/final/Fig_2_S3.pdf> <../results/figures/fina
l/Fig_3_S1.png> <../results/figures/final/Fig_3_S2.png>] [30 <../results/figure
s/final/Fig_4_S1.pdf>] [31 <../results/figures/final/Fig_4_S2.png> <../results/
figures/final/Fig_4_S3.png>] [32 <../results/figures/final/Fig_4_S4.png> <../re
sults/figures/final/Fig_5_S1.png>]
Package atveryend Info: Empty hook `AfterLastShipout' on input line 1022.
 (manuscript_2023.aux)
Package atveryend Info: Executing hook `AtVeryEndDocument' on input line 1022.
Package atveryend Info: Executing hook `AtEndAfterFileList' on input line 1022.

Package rerunfilecheck Info: File `manuscript_2023.out' has not changed.
(rerunfilecheck)             Checksum: 1F43A099D73F523B217A0586173B84F2;1501.
Package atveryend Info: Empty hook `AtVeryVeryEnd' on input line 1022.
 ) 
Here is how much of TeX's memory you used:
 10955 strings out of 494891
 178245 string characters out of 3176446
 336682 words of memory out of 3000000
 14008 multiletter control sequences out of 15000+200000
 18691 words of font info for 148 fonts, out of 3000000 for 9000
 2 hyphenation exceptions out of 8191
 40i,15n,43p,2378b,577s stack positions out of 5000i,500n,10000p,200000b,50000s
</Users/loreen.hertaeg/Library/Application Support/MiKTeX/texmfs/install/font
s/type1/public/amsfonts/cm/cmbx10.pfb></Users/loreen.hertaeg/Library/Applicatio
n Support/MiKTeX/texmfs/install/fonts/type1/public/amsfonts/cm/cmbx12.pfb></Use
rs/loreen.hertaeg/Library/Application Support/MiKTeX/texmfs/install/fonts/type1
/public/amsfonts/cm/cmbx8.pfb></Users/loreen.hertaeg/Library/Application Suppor
t/MiKTeX/texmfs/install/fonts/type1/public/amsfonts/cm/cmbx9.pfb></Users/loreen
.hertaeg/Library/Application Support/MiKTeX/texmfs/install/fonts/type1/public/a
msfonts/cm/cmex10.pfb></Users/loreen.hertaeg/Library/Application Support/MiKTeX
/texmfs/install/fonts/type1/public/amsfonts/cm/cmmi10.pfb></Users/loreen.hertae
g/Library/Application Support/MiKTeX/texmfs/install/fonts/type1/public/amsfonts
/cm/cmmi5.pfb></Users/loreen.hertaeg/Library/Application Support/MiKTeX/texmfs/
install/fonts/type1/public/amsfonts/cm/cmmi6.pfb></Users/loreen.hertaeg/Library
/Application Support/MiKTeX/texmfs/install/fonts/type1/public/amsfonts/cm/cmmi7
.pfb></Users/loreen.hertaeg/Library/Application Support/MiKTeX/texmfs/install/f
onts/type1/public/amsfonts/cm/cmmi8.pfb></Users/loreen.hertaeg/Library/Applicat
ion Support/MiKTeX/texmfs/install/fonts/type1/public/amsfonts/cm/cmr10.pfb></Us
ers/loreen.hertaeg/Library/Application Support/MiKTeX/texmfs/install/fonts/type
1/public/amsfonts/cm/cmr12.pfb></Users/loreen.hertaeg/Library/Application Suppo
rt/MiKTeX/texmfs/install/fonts/type1/public/amsfonts/cm/cmr5.pfb></Users/loreen
.hertaeg/Library/Application Support/MiKTeX/texmfs/install/fonts/type1/public/a
msfonts/cm/cmr6.pfb></Users/loreen.hertaeg/Library/Application Support/MiKTeX/t
exmfs/install/fonts/type1/public/amsfonts/cm/cmr7.pfb></Users/loreen.hertaeg/Li
brary/Application Support/MiKTeX/texmfs/install/fonts/type1/public/amsfonts/cm/
cmr8.pfb></Users/loreen.hertaeg/Library/Application Support/MiKTeX/texmfs/insta
ll/fonts/type1/public/amsfonts/cm/cmr9.pfb></Users/loreen.hertaeg/Library/Appli
cation Support/MiKTeX/texmfs/install/fonts/type1/public/amsfonts/cm/cmsy10.pfb>
</Users/loreen.hertaeg/Library/Application Support/MiKTeX/texmfs/install/fonts/
type1/public/amsfonts/cm/cmsy6.pfb></Users/loreen.hertaeg/Library/Application S
upport/MiKTeX/texmfs/install/fonts/type1/public/amsfonts/cm/cmsy7.pfb></Users/l
oreen.hertaeg/Library/Application Support/MiKTeX/texmfs/install/fonts/type1/pub
lic/amsfonts/cm/cmsy8.pfb></Users/loreen.hertaeg/Library/Application Support/Mi
KTeX/texmfs/install/fonts/type1/public/amsfonts/cm/cmti10.pfb></Users/loreen.he
rtaeg/Library/Application Support/MiKTeX/texmfs/install/fonts/type1/public/amsf
onts/cm/cmti8.pfb></Users/loreen.hertaeg/Library/Application Support/MiKTeX/tex
mfs/install/fonts/type1/public/amsfonts/cm/cmtt10.pfb></Users/loreen.hertaeg/Li
brary/Application Support/MiKTeX/texmfs/install/fonts/type1/public/amsfonts/sym
bols/msam10.pfb>
Output written on manuscript_2023.pdf (32 pages, 6295295 bytes).
PDF statistics:
 1242 PDF objects out of 1440 (max. 8388607)
 209 named destinations out of 1000 (max. 500000)
 19681 words of extra memory for PDF output out of 20736 (max. 10000000)

